<?xml version="1.0" encoding="UTF-8"?>
<!-- Generated by org.testng.reporters.JUnitReportReporter -->
<testsuite hostname="LAPTOP-678OGQJ2" failures="0" tests="15" name="datadriven.FreeCRM" time="353.833" errors="0" timestamp="2020-11-30T18:29:13 IST" skipped="0">
  <testcase classname="datadriven.FreeCRM" name="loginFun" time="19.232"/>
  <system-out/>
  <testcase classname="datadriven.FreeCRM" name="contactFail" time="24.852"/>
  <system-out/>
  <testcase classname="datadriven.FreeCRM" name="loginFun" time="20.981"/>
  <system-out/>
  <testcase classname="datadriven.FreeCRM" name="contactFail" time="24.250"/>
  <system-out/>
  <testcase classname="datadriven.FreeCRM" name="loginFun" time="23.224"/>
  <system-out/>
  <testcase classname="datadriven.FreeCRM" name="loginFun" time="26.270"/>
  <system-out/>
  <testcase classname="datadriven.FreeCRM" name="contactFail" time="25.171"/>
  <system-out/>
  <testcase classname="datadriven.FreeCRM" name="deals" time="25.071"/>
  <system-out/>
  <testcase classname="datadriven.FreeCRM" name="dealsFail" time="23.716"/>
  <system-out/>
  <testcase classname="datadriven.FreeCRM" name="tasks" time="23.980"/>
  <system-out/>
  <testcase classname="datadriven.FreeCRM" name="tasksFail" time="23.912"/>
  <system-out/>
  <testcase classname="datadriven.FreeCRM" name="company" time="25.843"/>
  <system-out/>
  <testcase classname="datadriven.FreeCRM" name="companyFail" time="23.905"/>
  <system-out/>
  <testcase classname="datadriven.FreeCRM" name="contact" time="28.052"/>
  <system-out/>
  <testcase classname="datadriven.FreeCRM" name="loginFail" time="15.374"/>
  <system-out/>
</testsuite> <!-- datadriven.FreeCRM -->
