<?xml version="1.0" encoding="UTF-8"?>
<!-- Generated by org.testng.reporters.JUnitReportReporter -->
<testsuite hostname="LAPTOP-678OGQJ2" failures="0" tests="1" name="datadriven.MainPage" time="30.633" errors="0" timestamp="2020-11-27T17:49:13 IST" skipped="0">
  <testcase classname="datadriven.MainPage" name="verify1" time="30.633"/>
  <system-out/>
</testsuite> <!-- datadriven.MainPage -->
